[Wed Jan 06 09:50:33.549200 2021] [mpm_prefork:notice] [pid 894] AH00163: Apache/2.4.46 (Debian) configured -- resuming normal operations
[Wed Jan 06 09:50:33.549253 2021] [core:notice] [pid 894] AH00094: Command line: '/usr/sbin/apache2'
[Wed Jan 06 09:51:07.640255 2021] [:error] [pid 897] [client 192.168.1.118:45584] PHP Warning:  preg_replace(): Unknown modifier 'g' in /var/www/html/footer.php on line 21
[Wed Jan 06 09:51:20.651990 2021] [:error] [pid 899] [client 192.168.1.118:45586] PHP Warning:  preg_replace(): Unknown modifier 'g' in /var/www/html/footer.php on line 21
[Wed Jan 06 09:51:35.693420 2021] [:error] [pid 896] [client 192.168.1.118:45588] PHP Warning:  preg_replace(): Unknown modifier 'g' in /var/www/html/footer.php on line 21
[Wed Jan 06 09:51:49.719763 2021] [:error] [pid 895] [client 192.168.1.118:45590] PHP Warning:  preg_replace(): Unknown modifier 'g' in /var/www/html/footer.php on line 21
[Wed Jan 06 09:52:07.740541 2021] [:error] [pid 918] [client 192.168.1.118:45592] PHP Warning:  preg_replace(): Unknown modifier 'g' in /var/www/html/footer.php on line 21
[Wed Jan 06 09:52:17.755504 2021] [:error] [pid 898] [client 192.168.1.118:45594] PHP Warning:  preg_replace(): Unknown modifier 'g' in /var/www/html/footer.php on line 21
[Wed Jan 06 09:52:29.768809 2021] [:error] [pid 899] [client 192.168.1.118:45598] PHP Warning:  preg_replace(): Unknown modifier 'g' in /var/www/html/footer.php on line 21
[Wed Jan 06 09:52:47.785752 2021] [:error] [pid 896] [client 192.168.1.118:45600] PHP Warning:  preg_replace(): Unknown modifier 'g' in /var/www/html/footer.php on line 21
[Wed Jan 06 09:53:36.855565 2021] [:error] [pid 897] [client 192.168.1.118:45608] PHP Warning:  fopen(/var/www/html/downloads/brochure.php): failed to open stream: No such file or directory in /var/www/html/getfile.php on line 19
[Wed Jan 06 09:53:36.855622 2021] [:error] [pid 897] [client 192.168.1.118:45608] PHP Warning:  fclose() expects parameter 1 to be resource, boolean given in /var/www/html/getfile.php on line 41
[Wed Jan 06 09:53:42.879932 2021] [:error] [pid 899] [client 192.168.1.118:45610] PHP Warning:  preg_replace(): Unknown modifier 'g' in /var/www/html/footer.php on line 21
[Wed Jan 06 09:53:51.902039 2021] [:error] [pid 896] [client 192.168.1.118:45612] PHP Warning:  preg_replace(): Unknown modifier 'g' in /var/www/html/footer.php on line 21
[Wed Jan 06 09:54:09.935847 2021] [:error] [pid 895] [client 192.168.1.118:45614] PHP Warning:  preg_replace(): Unknown modifier 'g' in /var/www/html/footer.php on line 21
[Wed Jan 06 09:54:29.958336 2021] [:error] [pid 918] [client 192.168.1.118:45616] PHP Warning:  preg_replace(): Unknown modifier 'g' in /var/www/html/footer.php on line 21
[Wed Jan 06 09:54:47.003807 2021] [:error] [pid 898] [client 192.168.1.118:45618] PHP Notice:  Undefined index: prod in /var/www/html/prod-details.php on line 7
[Wed Jan 06 09:55:06.022988 2021] [:error] [pid 897] [client 192.168.1.118:45620] PHP Warning:  preg_replace(): Unknown modifier 'g' in /var/www/html/footer.php on line 21
[Wed Jan 06 09:56:22.149786 2021] [:error] [pid 899] [client 192.168.1.118:45634] PHP Notice:  Undefined index: item in /var/www/html/getfile.php on line 15
[Wed Jan 06 09:56:22.149852 2021] [:error] [pid 899] [client 192.168.1.118:45634] PHP Notice:  Undefined index: extension in /var/www/html/getfile.php on line 22
[Wed Jan 06 09:57:14.214526 2021] [:error] [pid 918] [client 192.168.1.118:45640] PHP Warning:  fopen(/var/www/html/downloads/../x.txt): failed to open stream: No such file or directory in /var/www/html/getfile.php on line 19
[Wed Jan 06 09:57:14.214562 2021] [:error] [pid 918] [client 192.168.1.118:45640] PHP Warning:  fclose() expects parameter 1 to be resource, boolean given in /var/www/html/getfile.php on line 41
[Wed Jan 06 09:57:24.224215 2021] [:error] [pid 898] [client 192.168.1.118:45642] PHP Warning:  fopen(/var/www/html/downloads/../x.txt): failed to open stream: No such file or directory in /var/www/html/getfile.php on line 19
[Wed Jan 06 09:57:24.224250 2021] [:error] [pid 898] [client 192.168.1.118:45642] PHP Warning:  fclose() expects parameter 1 to be resource, boolean given in /var/www/html/getfile.php on line 41
[Wed Jan 06 09:58:12.248194 2021] [:error] [pid 896] [client 192.168.1.118:45648] PHP Notice:  Undefined index: item in /var/www/html/getfile.php on line 15
[Wed Jan 06 09:58:12.248302 2021] [:error] [pid 896] [client 192.168.1.118:45648] PHP Notice:  Undefined index: extension in /var/www/html/getfile.php on line 22
[Wed Jan 06 09:58:50.287973 2021] [:error] [pid 898] [client 192.168.1.118:45654] PHP Warning:  fopen(/var/www/html/downloads/../x.txt): failed to open stream: No such file or directory in /var/www/html/getfile.php on line 19
[Wed Jan 06 09:58:50.288059 2021] [:error] [pid 898] [client 192.168.1.118:45654] PHP Warning:  fclose() expects parameter 1 to be resource, boolean given in /var/www/html/getfile.php on line 41
WARNING: Error loading config file: .dockercfg: $HOME is not defined
Got permission denied while trying to connect to the Docker daemon socket at unix:///var/run/docker.sock: Get "http://%2Fvar%2Frun%2Fdocker.sock/v1.24/containers/json": dial unix /var/run/docker.sock: connect: permission denied
find: '/etc/ssl/private': Permission denied
find: '/etc/cni': Permission denied
find: '/home/skynet/.gnupg': Permission denied
find: '/lost+found': Permission denied
find: '/var/cache/apparmor/ea9ed67a.0': Permission denied
find: '/var/cache/apparmor/c08a2770.0': Permission denied
find: '/var/cache/ldconfig': Permission denied
find: '/var/cache/private': Permission denied
find: '/var/cache/apt/archives/partial': Permission denied
find: '/var/spool/cron/crontabs': Permission denied
find: '/var/spool/rsyslog': Permission denied
find: '/var/lib/docker': Permission denied
find: '/var/lib/containerd': Permission denied
find: '/var/lib/php/sessions': Permission denied
find: '/var/lib/private': Permission denied
find: '/var/lib/apt/lists/partial': Permission denied
find: '/var/tmp/systemd-private-c12d7877321a48f481f9631981f0f493-systemd-timesyncd.service-vrceGf': Permission denied
find: '/var/tmp/systemd-private-c12d7877321a48f481f9631981f0f493-systemd-logind.service-5jN2pi': Permission denied
find: '/var/log/private': Permission denied
find: '/root': Permission denied
find: '/tmp/systemd-private-c12d7877321a48f481f9631981f0f493-systemd-logind.service-URTzrj': Permission denied
find: '/tmp/systemd-private-c12d7877321a48f481f9631981f0f493-systemd-timesyncd.service-zIFLvh': Permission denied
find: '/etc/ssl/private': Permission denied
find: '/etc/cni': Permission denied
find: '/proc/tty/driver': Permission denied
find: '/proc/1/task/1/fd': Permission denied
find: '/proc/1/task/1/fdinfo': Permission denied
find: '/proc/1/task/1/ns': Permission denied
find: '/proc/1/fd': Permission denied
find: '/proc/1/map_files': Permission denied
find: '/proc/1/fdinfo': Permission denied
find: '/proc/1/ns': Permission denied
find: '/proc/2/task/2/fd': Permission denied
find: '/proc/2/task/2/fdinfo': Permission denied
find: '/proc/2/task/2/ns': Permission denied
find: '/proc/2/fd': Permission denied
find: '/proc/2/map_files': Permission denied
find: '/proc/2/fdinfo': Permission denied
find: '/proc/2/ns': Permission denied
find: '/proc/3/task/3/fd': Permission denied
find: '/proc/3/task/3/fdinfo': Permission denied
find: '/proc/3/task/3/ns': Permission denied
find: '/proc/3/fd': Permission denied
find: '/proc/3/map_files': Permission denied
find: '/proc/3/fdinfo': Permission denied
find: '/proc/3/ns': Permission denied
find: '/proc/4/task/4/fd': Permission denied
find: '/proc/4/task/4/fdinfo': Permission denied
find: '/proc/4/task/4/ns': Permission denied
find: '/proc/4/fd': Permission denied
find: '/proc/4/map_files': Permission denied
find: '/proc/4/fdinfo': Permission denied
find: '/proc/4/ns': Permission denied
find: '/proc/6/task/6/fd': Permission denied
find: '/proc/6/task/6/fdinfo': Permission denied
find: '/proc/6/task/6/ns': Permission denied
find: '/proc/6/fd': Permission denied
find: '/proc/6/map_files': Permission denied
find: '/proc/6/fdinfo': Permission denied
find: '/proc/6/ns': Permission denied
find: '/proc/8/task/8/fd': Permission denied
find: '/proc/8/task/8/fdinfo': Permission denied
find: '/proc/8/task/8/ns': Permission denied
find: '/proc/8/fd': Permission denied
find: '/proc/8/map_files': Permission denied
find: '/proc/8/fdinfo': Permission denied
find: '/proc/8/ns': Permission denied
find: '/proc/9/task/9/fd': Permission denied
find: '/proc/9/task/9/fdinfo': Permission denied
find: '/proc/9/task/9/ns': Permission denied
find: '/proc/9/fd': Permission denied
find: '/proc/9/map_files': Permission denied
find: '/proc/9/fdinfo': Permission denied
find: '/proc/9/ns': Permission denied
find: '/proc/10/task/10/fd': Permission denied
find: '/proc/10/task/10/fdinfo': Permission denied
find: '/proc/10/task/10/ns': Permission denied
find: '/proc/10/fd': Permission denied
find: '/proc/10/map_files': Permission denied
find: '/proc/10/fdinfo': Permission denied
find: '/proc/10/ns': Permission denied
find: '/proc/11/task/11/fd': Permission denied
find: '/proc/11/task/11/fdinfo': Permission denied
find: '/proc/11/task/11/ns': Permission denied
find: '/proc/11/fd': Permission denied
find: '/proc/11/map_files': Permission denied
find: '/proc/11/fdinfo': Permission denied
find: '/proc/11/ns': Permission denied
find: '/proc/12/task/12/fd': Permission denied
find: '/proc/12/task/12/fdinfo': Permission denied
find: '/proc/12/task/12/ns': Permission denied
find: '/proc/12/fd': Permission denied
find: '/proc/12/map_files': Permission denied
find: '/proc/12/fdinfo': Permission denied
find: '/proc/12/ns': Permission denied
find: '/proc/13/task/13/fd': Permission denied
find: '/proc/13/task/13/fdinfo': Permission denied
find: '/proc/13/task/13/ns': Permission denied
find: '/proc/13/fd': Permission denied
find: '/proc/13/map_files': Permission denied
find: '/proc/13/fdinfo': Permission denied
find: '/proc/13/ns': Permission denied
find: '/proc/15/task/15/fd': Permission denied
find: '/proc/15/task/15/fdinfo': Permission denied
find: '/proc/15/task/15/ns': Permission denied
find: '/proc/15/fd': Permission denied
find: '/proc/15/map_files': Permission denied
find: '/proc/15/fdinfo': Permission denied
find: '/proc/15/ns': Permission denied
find: '/proc/16/task/16/fd': Permission denied
find: '/proc/16/task/16/fdinfo': Permission denied
find: '/proc/16/task/16/ns': Permission denied
find: '/proc/16/fd': Permission denied
find: '/proc/16/map_files': Permission denied
find: '/proc/16/fdinfo': Permission denied
find: '/proc/16/ns': Permission denied
find: '/proc/17/task/17/fd': Permission denied
find: '/proc/17/task/17/fdinfo': Permission denied
find: '/proc/17/task/17/ns': Permission denied
find: '/proc/17/fd': Permission denied
find: '/proc/17/map_files': Permission denied
find: '/proc/17/fdinfo': Permission denied
find: '/proc/17/ns': Permission denied
find: '/proc/18/task/18/fd': Permission denied
find: '/proc/18/task/18/fdinfo': Permission denied
find: '/proc/18/task/18/ns': Permission denied
find: '/proc/18/fd': Permission denied
find: '/proc/18/map_files': Permission denied
find: '/proc/18/fdinfo': Permission denied
find: '/proc/18/ns': Permission denied
find: '/proc/19/task/19/fd': Permission denied
find: '/proc/19/task/19/fdinfo': Permission denied
find: '/proc/19/task/19/ns': Permission denied
find: '/proc/19/fd': Permission denied
find: '/proc/19/map_files': Permission denied
find: '/proc/19/fdinfo': Permission denied
find: '/proc/19/ns': Permission denied
find: '/proc/20/task/20/fd': Permission denied
find: '/proc/20/task/20/fdinfo': Permission denied
find: '/proc/20/task/20/ns': Permission denied
find: '/proc/20/fd': Permission denied
find: '/proc/20/map_files': Permission denied
find: '/proc/20/fdinfo': Permission denied
find: '/proc/20/ns': Permission denied
find: '/proc/21/task/21/fd': Permission denied
find: '/proc/21/task/21/fdinfo': Permission denied
find: '/proc/21/task/21/ns': Permission denied
find: '/proc/21/fd': Permission denied
find: '/proc/21/map_files': Permission denied
find: '/proc/21/fdinfo': Permission denied
find: '/proc/21/ns': Permission denied
find: '/proc/22/task/22/fd': Permission denied
find: '/proc/22/task/22/fdinfo': Permission denied
find: '/proc/22/task/22/ns': Permission denied
find: '/proc/22/fd': Permission denied
find: '/proc/22/map_files': Permission denied
find: '/proc/22/fdinfo': Permission denied
find: '/proc/22/ns': Permission denied
find: '/proc/23/task/23/fd': Permission denied
find: '/proc/23/task/23/fdinfo': Permission denied
find: '/proc/23/task/23/ns': Permission denied
find: '/proc/23/fd': Permission denied
find: '/proc/23/map_files': Permission denied
find: '/proc/23/fdinfo': Permission denied
find: '/proc/23/ns': Permission denied
find: '/proc/24/task/24/fd': Permission denied
find: '/proc/24/task/24/fdinfo': Permission denied
find: '/proc/24/task/24/ns': Permission denied
find: '/proc/24/fd': Permission denied
find: '/proc/24/map_files': Permission denied
find: '/proc/24/fdinfo': Permission denied
find: '/proc/24/ns': Permission denied
find: '/proc/42/task/42/fd': Permission denied
find: '/proc/42/task/42/fdinfo': Permission denied
find: '/proc/42/task/42/ns': Permission denied
find: '/proc/42/fd': Permission denied
find: '/proc/42/map_files': Permission denied
find: '/proc/42/fdinfo': Permission denied
find: '/proc/42/ns': Permission denied
find: '/proc/43/task/43/fd': Permission denied
find: '/proc/43/task/43/fdinfo': Permission denied
find: '/proc/43/task/43/ns': Permission denied
find: '/proc/43/fd': Permission denied
find: '/proc/43/map_files': Permission denied
find: '/proc/43/fdinfo': Permission denied
find: '/proc/43/ns': Permission denied
find: '/proc/44/task/44/fd': Permission denied
find: '/proc/44/task/44/fdinfo': Permission denied
find: '/proc/44/task/44/ns': Permission denied
find: '/proc/44/fd': Permission denied
find: '/proc/44/map_files': Permission denied
find: '/proc/44/fdinfo': Permission denied
find: '/proc/44/ns': Permission denied
find: '/proc/45/task/45/fd': Permission denied
find: '/proc/45/task/45/fdinfo': Permission denied
find: '/proc/45/task/45/ns': Permission denied
find: '/proc/45/fd': Permission denied
find: '/proc/45/map_files': Permission denied
find: '/proc/45/fdinfo': Permission denied
find: '/proc/45/ns': Permission denied
find: '/proc/46/task/46/fd': Permission denied
find: '/proc/46/task/46/fdinfo': Permission denied
find: '/proc/46/task/46/ns': Permission denied
find: '/proc/46/fd': Permission denied
find: '/proc/46/map_files': Permission denied
find: '/proc/46/fdinfo': Permission denied
find: '/proc/46/ns': Permission denied
find: '/proc/47/task/47/fd': Permission denied
find: '/proc/47/task/47/fdinfo': Permission denied
find: '/proc/47/task/47/ns': Permission denied
find: '/proc/47/fd': Permission denied
find: '/proc/47/map_files': Permission denied
find: '/proc/47/fdinfo': Permission denied
find: '/proc/47/ns': Permission denied
find: '/proc/48/task/48/fd': Permission denied
find: '/proc/48/task/48/fdinfo': Permission denied
find: '/proc/48/task/48/ns': Permission denied
find: '/proc/48/fd': Permission denied
find: '/proc/48/map_files': Permission denied
find: '/proc/48/fdinfo': Permission denied
find: '/proc/48/ns': Permission denied
find: '/proc/49/task/49/fd': Permission denied
find: '/proc/49/task/49/fdinfo': Permission denied
find: '/proc/49/task/49/ns': Permission denied
find: '/proc/49/fd': Permission denied
find: '/proc/49/map_files': Permission denied
find: '/proc/49/fdinfo': Permission denied
find: '/proc/49/ns': Permission denied
find: '/proc/50/task/50/fd': Permission denied
find: '/proc/50/task/50/fdinfo': Permission denied
find: '/proc/50/task/50/ns': Permission denied
find: '/proc/50/fd': Permission denied
find: '/proc/50/map_files': Permission denied
find: '/proc/50/fdinfo': Permission denied
find: '/proc/50/ns': Permission denied
find: '/proc/60/task/60/fd': Permission denied
find: '/proc/60/task/60/fdinfo': Permission denied
find: '/proc/60/task/60/ns': Permission denied
find: '/proc/60/fd': Permission denied
find: '/proc/60/map_files': Permission denied
find: '/proc/60/fdinfo': Permission denied
find: '/proc/60/ns': Permission denied
find: '/proc/63/task/63/fd': Permission denied
find: '/proc/63/task/63/fdinfo': Permission denied
find: '/proc/63/task/63/ns': Permission denied
find: '/proc/63/fd': Permission denied
find: '/proc/63/map_files': Permission denied
find: '/proc/63/fdinfo': Permission denied
find: '/proc/63/ns': Permission denied
find: '/proc/64/task/64/fd': Permission denied
find: '/proc/64/task/64/fdinfo': Permission denied
find: '/proc/64/task/64/ns': Permission denied
find: '/proc/64/fd': Permission denied
find: '/proc/64/map_files': Permission denied
find: '/proc/64/fdinfo': Permission denied
find: '/proc/64/ns': Permission denied
find: '/proc/102/task/102/fd': Permission denied
find: '/proc/102/task/102/fdinfo': Permission denied
find: '/proc/102/task/102/ns': Permission denied
find: '/proc/102/fd': Permission denied
find: '/proc/102/map_files': Permission denied
find: '/proc/102/fdinfo': Permission denied
find: '/proc/102/ns': Permission denied
find: '/proc/103/task/103/fd': Permission denied
find: '/proc/103/task/103/fdinfo': Permission denied
find: '/proc/103/task/103/ns': Permission denied
find: '/proc/103/fd': Permission denied
find: '/proc/103/map_files': Permission denied
find: '/proc/103/fdinfo': Permission denied
find: '/proc/103/ns': Permission denied
find: '/proc/104/task/104/fd': Permission denied
find: '/proc/104/task/104/fdinfo': Permission denied
find: '/proc/104/task/104/ns': Permission denied
find: '/proc/104/fd': Permission denied
find: '/proc/104/map_files': Permission denied
find: '/proc/104/fdinfo': Permission denied
find: '/proc/104/ns': Permission denied
find: '/proc/105/task/105/fd': Permission denied
find: '/proc/105/task/105/fdinfo': Permission denied
find: '/proc/105/task/105/ns': Permission denied
find: '/proc/105/fd': Permission denied
find: '/proc/105/map_files': Permission denied
find: '/proc/105/fdinfo': Permission denied
find: '/proc/105/ns': Permission denied
find: '/proc/106/task/106/fd': Permission denied
find: '/proc/106/task/106/fdinfo': Permission denied
find: '/proc/106/task/106/ns': Permission denied
find: '/proc/106/fd': Permission denied
find: '/proc/106/map_files': Permission denied
find: '/proc/106/fdinfo': Permission denied
find: '/proc/106/ns': Permission denied
find: '/proc/107/task/107/fd': Permission denied
find: '/proc/107/task/107/fdinfo': Permission denied
find: '/proc/107/task/107/ns': Permission denied
find: '/proc/107/fd': Permission denied
find: '/proc/107/map_files': Permission denied
find: '/proc/107/fdinfo': Permission denied
find: '/proc/107/ns': Permission denied
find: '/proc/108/task/108/fd': Permission denied
find: '/proc/108/task/108/fdinfo': Permission denied
find: '/proc/108/task/108/ns': Permission denied
find: '/proc/108/fd': Permission denied
find: '/proc/108/map_files': Permission denied
find: '/proc/108/fdinfo': Permission denied
find: '/proc/108/ns': Permission denied
find: '/proc/112/task/112/fd': Permission denied
find: '/proc/112/task/112/fdinfo': Permission denied
find: '/proc/112/task/112/ns': Permission denied
find: '/proc/112/fd': Permission denied
find: '/proc/112/map_files': Permission denied
find: '/proc/112/fdinfo': Permission denied
find: '/proc/112/ns': Permission denied
find: '/proc/144/task/144/fd': Permission denied
find: '/proc/144/task/144/fdinfo': Permission denied
find: '/proc/144/task/144/ns': Permission denied
find: '/proc/144/fd': Permission denied
find: '/proc/144/map_files': Permission denied
find: '/proc/144/fdinfo': Permission denied
find: '/proc/144/ns': Permission denied
find: '/proc/145/task/145/fd': Permission denied
find: '/proc/145/task/145/fdinfo': Permission denied
find: '/proc/145/task/145/ns': Permission denied
find: '/proc/145/fd': Permission denied
find: '/proc/145/map_files': Permission denied
find: '/proc/145/fdinfo': Permission denied
find: '/proc/145/ns': Permission denied
find: '/proc/186/task/186/fd': Permission denied
find: '/proc/186/task/186/fdinfo': Permission denied
find: '/proc/186/task/186/ns': Permission denied
find: '/proc/186/fd': Permission denied
find: '/proc/186/map_files': Permission denied
find: '/proc/186/fdinfo': Permission denied
find: '/proc/186/ns': Permission denied
find: '/proc/199/task/199/fd': Permission denied
find: '/proc/199/task/199/fdinfo': Permission denied
find: '/proc/199/task/199/ns': Permission denied
find: '/proc/199/fd': Permission denied
find: '/proc/199/map_files': Permission denied
find: '/proc/199/fdinfo': Permission denied
find: '/proc/199/ns': Permission denied
find: '/proc/222/task/222/fd': Permission denied
find: '/proc/222/task/222/fdinfo': Permission denied
find: '/proc/222/task/222/ns': Permission denied
find: '/proc/222/task/256/fd': Permission denied
find: '/proc/222/task/256/fdinfo': Permission denied
find: '/proc/222/task/256/ns': Permission denied
find: '/proc/222/fd': Permission denied
find: '/proc/222/map_files': Permission denied
find: '/proc/222/fdinfo': Permission denied
find: '/proc/222/ns': Permission denied
find: '/proc/269/task/269/fd': Permission denied
find: '/proc/269/task/269/fdinfo': Permission denied
find: '/proc/269/task/269/ns': Permission denied
find: '/proc/269/fd': Permission denied
find: '/proc/269/map_files': Permission denied
find: '/proc/269/fdinfo': Permission denied
find: '/proc/269/ns': Permission denied
find: '/proc/270/task/270/fd': Permission denied
find: '/proc/270/task/270/fdinfo': Permission denied
find: '/proc/270/task/270/ns': Permission denied
find: '/proc/270/fd': Permission denied
find: '/proc/270/map_files': Permission denied
find: '/proc/270/fdinfo': Permission denied
find: '/proc/270/ns': Permission denied
find: '/proc/275/task/275/fd': Permission denied
find: '/proc/275/task/275/fdinfo': Permission denied
find: '/proc/275/task/275/ns': Permission denied
find: '/proc/275/fd': Permission denied
find: '/proc/275/map_files': Permission denied
find: '/proc/275/fdinfo': Permission denied
find: '/proc/275/ns': Permission denied
find: '/proc/278/task/278/fd': Permission denied
find: '/proc/278/task/278/fdinfo': Permission denied
find: '/proc/278/task/278/ns': Permission denied
find: '/proc/278/fd': Permission denied
find: '/proc/278/map_files': Permission denied
find: '/proc/278/fdinfo': Permission denied
find: '/proc/278/ns': Permission denied
find: '/proc/285/task/285/fd': Permission denied
find: '/proc/285/task/285/fdinfo': Permission denied
find: '/proc/285/task/285/ns': Permission denied
find: '/proc/285/task/310/fd': Permission denied
find: '/proc/285/task/310/fdinfo': Permission denied
find: '/proc/285/task/310/ns': Permission denied
find: '/proc/285/task/311/fd': Permission denied
find: '/proc/285/task/311/fdinfo': Permission denied
find: '/proc/285/task/311/ns': Permission denied
find: '/proc/285/task/312/fd': Permission denied
find: '/proc/285/task/312/fdinfo': Permission denied
find: '/proc/285/task/312/ns': Permission denied
find: '/proc/285/task/338/fd': Permission denied
find: '/proc/285/task/338/fdinfo': Permission denied
find: '/proc/285/task/338/ns': Permission denied
find: '/proc/285/task/342/fd': Permission denied
find: '/proc/285/task/342/fdinfo': Permission denied
find: '/proc/285/task/342/ns': Permission denied
find: '/proc/285/task/346/fd': Permission denied
find: '/proc/285/task/346/fdinfo': Permission denied
find: '/proc/285/task/346/ns': Permission denied
find: '/proc/285/task/385/fd': Permission denied
find: '/proc/285/task/385/fdinfo': Permission denied
find: '/proc/285/task/385/ns': Permission denied
find: '/proc/285/task/400/fd': Permission denied
find: '/proc/285/task/400/fdinfo': Permission denied
find: '/proc/285/task/400/ns': Permission denied
find: '/proc/285/task/633/fd': Permission denied
find: '/proc/285/task/633/fdinfo': Permission denied
find: '/proc/285/task/633/ns': Permission denied
find: '/proc/285/task/634/fd': Permission denied
find: '/proc/285/task/634/fdinfo': Permission denied
find: '/proc/285/task/634/ns': Permission denied
find: '/proc/285/fd': Permission denied
find: '/proc/285/map_files': Permission denied
find: '/proc/285/fdinfo': Permission denied
find: '/proc/285/ns': Permission denied
find: '/proc/309/task/309/fd': Permission denied
find: '/proc/309/task/309/fdinfo': Permission denied
find: '/proc/309/task/309/ns': Permission denied
find: '/proc/309/fd': Permission denied
find: '/proc/309/map_files': Permission denied
find: '/proc/309/fdinfo': Permission denied
find: '/proc/309/ns': Permission denied
find: '/proc/313/task/313/fd': Permission denied
find: '/proc/313/task/313/fdinfo': Permission denied
find: '/proc/313/task/313/ns': Permission denied
find: '/proc/313/fd': Permission denied
find: '/proc/313/map_files': Permission denied
find: '/proc/313/fdinfo': Permission denied
find: '/proc/313/ns': Permission denied
find: '/proc/334/task/334/fd': Permission denied
find: '/proc/334/task/334/fdinfo': Permission denied
find: '/proc/334/task/334/ns': Permission denied
find: '/proc/334/task/339/fd': Permission denied
find: '/proc/334/task/339/fdinfo': Permission denied
find: '/proc/334/task/339/ns': Permission denied
find: '/proc/334/task/340/fd': Permission denied
find: '/proc/334/task/340/fdinfo': Permission denied
find: '/proc/334/task/340/ns': Permission denied
find: '/proc/334/task/341/fd': Permission denied
find: '/proc/334/task/341/fdinfo': Permission denied
find: '/proc/334/task/341/ns': Permission denied
find: '/proc/334/fd': Permission denied
find: '/proc/334/map_files': Permission denied
find: '/proc/334/fdinfo': Permission denied
find: '/proc/334/ns': Permission denied
find: '/proc/383/task/383/fd': Permission denied
find: '/proc/383/task/383/fdinfo': Permission denied
find: '/proc/383/task/383/ns': Permission denied
find: '/proc/383/task/459/fd': Permission denied
find: '/proc/383/task/459/fdinfo': Permission denied
find: '/proc/383/task/459/ns': Permission denied
find: '/proc/383/task/460/fd': Permission denied
find: '/proc/383/task/460/fdinfo': Permission denied
find: '/proc/383/task/460/ns': Permission denied
find: '/proc/383/task/461/fd': Permission denied
find: '/proc/383/task/461/fdinfo': Permission denied
find: '/proc/383/task/461/ns': Permission denied
find: '/proc/383/task/463/fd': Permission denied
find: '/proc/383/task/463/fdinfo': Permission denied
find: '/proc/383/task/463/ns': Permission denied
find: '/proc/383/task/473/fd': Permission denied
find: '/proc/383/task/473/fdinfo': Permission denied
find: '/proc/383/task/473/ns': Permission denied
find: '/proc/383/task/474/fd': Permission denied
find: '/proc/383/task/474/fdinfo': Permission denied
find: '/proc/383/task/474/ns': Permission denied
find: '/proc/383/task/669/fd': Permission denied
find: '/proc/383/task/669/fdinfo': Permission denied
find: '/proc/383/task/669/ns': Permission denied
find: '/proc/383/task/674/fd': Permission denied
find: '/proc/383/task/674/fdinfo': Permission denied
find: '/proc/383/task/674/ns': Permission denied
find: '/proc/383/fd': Permission denied
find: '/proc/383/map_files': Permission denied
find: '/proc/383/fdinfo': Permission denied
find: '/proc/383/ns': Permission denied
find: '/proc/397/task/397/fd': Permission denied
find: '/proc/397/task/397/fdinfo': Permission denied
find: '/proc/397/task/397/ns': Permission denied
find: '/proc/397/fd': Permission denied
find: '/proc/397/map_files': Permission denied
find: '/proc/397/fdinfo': Permission denied
find: '/proc/397/ns': Permission denied
find: '/proc/399/task/399/fd': Permission denied
find: '/proc/399/task/399/fdinfo': Permission denied
find: '/proc/399/task/399/ns': Permission denied
find: '/proc/399/fd': Permission denied
find: '/proc/399/map_files': Permission denied
find: '/proc/399/fdinfo': Permission denied
find: '/proc/399/ns': Permission denied
find: '/proc/404/task/404/fd': Permission denied
find: '/proc/404/task/404/fdinfo': Permission denied
find: '/proc/404/task/404/ns': Permission denied
find: '/proc/404/fd': Permission denied
find: '/proc/404/map_files': Permission denied
find: '/proc/404/fdinfo': Permission denied
find: '/proc/404/ns': Permission denied
find: '/proc/406/task/406/fd': Permission denied
find: '/proc/406/task/406/fdinfo': Permission denied
find: '/proc/406/task/406/ns': Permission denied
find: '/proc/406/fd': Permission denied
find: '/proc/406/map_files': Permission denied
find: '/proc/406/fdinfo': Permission denied
find: '/proc/406/ns': Permission denied
find: '/proc/408/task/408/fd': Permission denied
find: '/proc/408/task/408/fdinfo': Permission denied
find: '/proc/408/task/408/ns': Permission denied
find: '/proc/408/fd': Permission denied
find: '/proc/408/map_files': Permission denied
find: '/proc/408/fdinfo': Permission denied
find: '/proc/408/ns': Permission denied
find: '/proc/411/task/411/fd': Permission denied
find: '/proc/411/task/411/fdinfo': Permission denied
find: '/proc/411/task/411/ns': Permission denied
find: '/proc/411/fd': Permission denied
find: '/proc/411/map_files': Permission denied
find: '/proc/411/fdinfo': Permission denied
find: '/proc/411/ns': Permission denied
find: '/proc/414/task/414/fd': Permission denied
find: '/proc/414/task/414/fdinfo': Permission denied
find: '/proc/414/task/414/ns': Permission denied
find: '/proc/414/fd': Permission denied
find: '/proc/414/map_files': Permission denied
find: '/proc/414/fdinfo': Permission denied
find: '/proc/414/ns': Permission denied
find: '/proc/415/task/415/fd': Permission denied
find: '/proc/415/task/415/fdinfo': Permission denied
find: '/proc/415/task/415/ns': Permission denied
find: '/proc/415/fd': Permission denied
find: '/proc/415/map_files': Permission denied
find: '/proc/415/fdinfo': Permission denied
find: '/proc/415/ns': Permission denied
find: '/proc/419/task/419/fd': Permission denied
find: '/proc/419/task/419/fdinfo': Permission denied
find: '/proc/419/task/419/ns': Permission denied
find: '/proc/419/fd': Permission denied
find: '/proc/419/map_files': Permission denied
find: '/proc/419/fdinfo': Permission denied
find: '/proc/419/ns': Permission denied
find: '/proc/423/task/423/fd': Permission denied
find: '/proc/423/task/423/fdinfo': Permission denied
find: '/proc/423/task/423/ns': Permission denied
find: '/proc/423/fd': Permission denied
find: '/proc/423/map_files': Permission denied
find: '/proc/423/fdinfo': Permission denied
find: '/proc/423/ns': Permission denied
find: '/proc/622/task/622/fd': Permission denied
find: '/proc/622/task/622/fdinfo': Permission denied
find: '/proc/622/task/622/ns': Permission denied
find: '/proc/622/task/623/fd': Permission denied
find: '/proc/622/task/623/fdinfo': Permission denied
find: '/proc/622/task/623/ns': Permission denied
find: '/proc/622/task/624/fd': Permission denied
find: '/proc/622/task/624/fdinfo': Permission denied
find: '/proc/622/task/624/ns': Permission denied
find: '/proc/622/task/625/fd': Permission denied
find: '/proc/622/task/625/fdinfo': Permission denied
find: '/proc/622/task/625/ns': Permission denied
find: '/proc/622/task/626/fd': Permission denied
find: '/proc/622/task/626/fdinfo': Permission denied
find: '/proc/622/task/626/ns': Permission denied
find: '/proc/622/task/880/fd': Permission denied
find: '/proc/622/task/880/fdinfo': Permission denied
find: '/proc/622/task/880/ns': Permission denied
find: '/proc/622/fd': Permission denied
find: '/proc/622/map_files': Permission denied
find: '/proc/622/fdinfo': Permission denied
find: '/proc/622/ns': Permission denied
find: '/proc/635/task/635/fd': Permission denied
find: '/proc/635/task/635/fdinfo': Permission denied
find: '/proc/635/task/635/ns': Permission denied
find: '/proc/635/task/636/fd': Permission denied
find: '/proc/635/task/636/fdinfo': Permission denied
find: '/proc/635/task/636/ns': Permission denied
find: '/proc/635/task/637/fd': Permission denied
find: '/proc/635/task/637/fdinfo': Permission denied
find: '/proc/635/task/637/ns': Permission denied
find: '/proc/635/task/638/fd': Permission denied
find: '/proc/635/task/638/fdinfo': Permission denied
find: '/proc/635/task/638/ns': Permission denied
find: '/proc/635/task/639/fd': Permission denied
find: '/proc/635/task/639/fdinfo': Permission denied
find: '/proc/635/task/639/ns': Permission denied
find: '/proc/635/task/640/fd': Permission denied
find: '/proc/635/task/640/fdinfo': Permission denied
find: '/proc/635/task/640/ns': Permission denied
find: '/proc/635/task/641/fd': Permission denied
find: '/proc/635/task/641/fdinfo': Permission denied
find: '/proc/635/task/641/ns': Permission denied
find: '/proc/635/task/642/fd': Permission denied
find: '/proc/635/task/642/fdinfo': Permission denied
find: '/proc/635/task/642/ns': Permission denied
find: '/proc/635/task/643/fd': Permission denied
find: '/proc/635/task/643/fdinfo': Permission denied
find: '/proc/635/task/643/ns': Permission denied
find: '/proc/635/task/644/fd': Permission denied
find: '/proc/635/task/644/fdinfo': Permission denied
find: '/proc/635/task/644/ns': Permission denied
find: '/proc/635/task/676/fd': Permission denied
find: '/proc/635/task/676/fdinfo': Permission denied
find: '/proc/635/task/676/ns': Permission denied
find: '/proc/635/fd': Permission denied
find: '/proc/635/map_files': Permission denied
find: '/proc/635/fdinfo': Permission denied
find: '/proc/635/ns': Permission denied
find: '/proc/653/task/653/fd': Permission denied
find: '/proc/653/task/653/fdinfo': Permission denied
find: '/proc/653/task/653/ns': Permission denied
find: '/proc/653/task/745/fd': Permission denied
find: '/proc/653/task/745/fdinfo': Permission denied
find: '/proc/653/task/745/ns': Permission denied
find: '/proc/653/task/746/fd': Permission denied
find: '/proc/653/task/746/fdinfo': Permission denied
find: '/proc/653/task/746/ns': Permission denied
find: '/proc/653/task/747/fd': Permission denied
find: '/proc/653/task/747/fdinfo': Permission denied
find: '/proc/653/task/747/ns': Permission denied
find: '/proc/653/task/748/fd': Permission denied
find: '/proc/653/task/748/fdinfo': Permission denied
find: '/proc/653/task/748/ns': Permission denied
find: '/proc/653/task/749/fd': Permission denied
find: '/proc/653/task/749/fdinfo': Permission denied
find: '/proc/653/task/749/ns': Permission denied
find: '/proc/653/task/762/fd': Permission denied
find: '/proc/653/task/762/fdinfo': Permission denied
find: '/proc/653/task/762/ns': Permission denied
find: '/proc/653/task/767/fd': Permission denied
find: '/proc/653/task/767/fdinfo': Permission denied
find: '/proc/653/task/767/ns': Permission denied
find: '/proc/653/task/773/fd': Permission denied
find: '/proc/653/task/773/fdinfo': Permission denied
find: '/proc/653/task/773/ns': Permission denied
find: '/proc/653/task/839/fd': Permission denied
find: '/proc/653/task/839/fdinfo': Permission denied
find: '/proc/653/task/839/ns': Permission denied
find: '/proc/653/fd': Permission denied
find: '/proc/653/map_files': Permission denied
find: '/proc/653/fdinfo': Permission denied
find: '/proc/653/ns': Permission denied
find: '/proc/781/task/781/fd': Permission denied
find: '/proc/781/task/781/fdinfo': Permission denied
find: '/proc/781/task/781/ns': Permission denied
find: '/proc/781/fd': Permission denied
find: '/proc/781/map_files': Permission denied
find: '/proc/781/fdinfo': Permission denied
find: '/proc/781/ns': Permission denied
find: '/proc/782/task/782/fd': Permission denied
find: '/proc/782/task/782/fdinfo': Permission denied
find: '/proc/782/task/782/ns': Permission denied
find: '/proc/782/fd': Permission denied
find: '/proc/782/map_files': Permission denied
find: '/proc/782/fdinfo': Permission denied
find: '/proc/782/ns': Permission denied
find: '/proc/800/task/800/fd': Permission denied
find: '/proc/800/task/800/fdinfo': Permission denied
find: '/proc/800/task/800/ns': Permission denied
find: '/proc/800/fd': Permission denied
find: '/proc/800/map_files': Permission denied
find: '/proc/800/fdinfo': Permission denied
find: '/proc/800/ns': Permission denied
find: '/proc/803/task/803/fd': Permission denied
find: '/proc/803/task/803/fdinfo': Permission denied
find: '/proc/803/task/803/ns': Permission denied
find: '/proc/803/fd': Permission denied
find: '/proc/803/map_files': Permission denied
find: '/proc/803/fdinfo': Permission denied
find: '/proc/803/ns': Permission denied
find: '/proc/804/task/804/fd': Permission denied
find: '/proc/804/task/804/fdinfo': Permission denied
find: '/proc/804/task/804/ns': Permission denied
find: '/proc/804/fd': Permission denied
find: '/proc/804/map_files': Permission denied
find: '/proc/804/fdinfo': Permission denied
find: '/proc/804/ns': Permission denied
find: '/proc/837/task/837/fd': Permission denied
find: '/proc/837/task/837/fdinfo': Permission denied
find: '/proc/837/task/837/ns': Permission denied
find: '/proc/837/fd': Permission denied
find: '/proc/837/map_files': Permission denied
find: '/proc/837/fdinfo': Permission denied
find: '/proc/837/ns': Permission denied
find: '/proc/843/task/843/fd': Permission denied
find: '/proc/843/task/843/fdinfo': Permission denied
find: '/proc/843/task/843/ns': Permission denied
find: '/proc/843/fd': Permission denied
find: '/proc/843/map_files': Permission denied
find: '/proc/843/fdinfo': Permission denied
find: '/proc/843/ns': Permission denied
find: '/proc/894/task/894/fd': Permission denied
find: '/proc/894/task/894/fdinfo': Permission denied
find: '/proc/894/task/894/ns': Permission denied
find: '/proc/894/fd': Permission denied
find: '/proc/894/map_files': Permission denied
find: '/proc/894/fdinfo': Permission denied
find: '/proc/894/ns': Permission denied
find: '/proc/895/task/895/fd': Permission denied
find: '/proc/895/task/895/fdinfo': Permission denied
find: '/proc/895/task/895/ns': Permission denied
find: '/proc/895/fd': Permission denied
find: '/proc/895/map_files': Permission denied
find: '/proc/895/fdinfo': Permission denied
find: '/proc/895/ns': Permission denied
find: '/proc/896/task/896/fd': Permission denied
find: '/proc/896/task/896/fdinfo': Permission denied
find: '/proc/896/task/896/ns': Permission denied
find: '/proc/896/fd': Permission denied
find: '/proc/896/map_files': Permission denied
find: '/proc/896/fdinfo': Permission denied
find: '/proc/896/ns': Permission denied
find: '/proc/897/task/897/fd': Permission denied
find: '/proc/897/task/897/fdinfo': Permission denied
find: '/proc/897/task/897/ns': Permission denied
find: '/proc/897/fd': Permission denied
find: '/proc/897/map_files': Permission denied
find: '/proc/897/fdinfo': Permission denied
find: '/proc/897/ns': Permission denied
find: '/proc/898/task/898/fd': Permission denied
find: '/proc/898/task/898/fdinfo': Permission denied
find: '/proc/898/task/898/ns': Permission denied
find: '/proc/898/fd': Permission denied
find: '/proc/898/map_files': Permission denied
find: '/proc/898/fdinfo': Permission denied
find: '/proc/898/ns': Permission denied
find: '/proc/899/task/899/fd': Permission denied
find: '/proc/899/task/899/fdinfo': Permission denied
find: '/proc/899/task/899/ns': Permission denied
find: '/proc/899/fd': Permission denied
find: '/proc/899/map_files': Permission denied
find: '/proc/899/fdinfo': Permission denied
find: '/proc/899/ns': Permission denied
find: '/proc/908/task/908/fd': Permission denied
find: '/proc/908/task/908/fdinfo': Permission denied
find: '/proc/908/task/908/ns': Permission denied
find: '/proc/908/task/909/fd': Permission denied
find: '/proc/908/task/909/fdinfo': Permission denied
find: '/proc/908/task/909/ns': Permission denied
find: '/proc/908/task/910/fd': Permission denied
find: '/proc/908/task/910/fdinfo': Permission denied
find: '/proc/908/task/910/ns': Permission denied
find: '/proc/908/task/911/fd': Permission denied
find: '/proc/908/task/911/fdinfo': Permission denied
find: '/proc/908/task/911/ns': Permission denied
find: '/proc/908/fd': Permission denied
find: '/proc/908/map_files': Permission denied
find: '/proc/908/fdinfo': Permission denied
find: '/proc/908/ns': Permission denied
find: '/proc/917/task/917/fd': Permission denied
find: '/proc/917/task/917/fdinfo': Permission denied
find: '/proc/917/task/917/ns': Permission denied
find: '/proc/917/fd': Permission denied
find: '/proc/917/map_files': Permission denied
find: '/proc/917/fdinfo': Permission denied
find: '/proc/917/ns': Permission denied
find: '/proc/918/task/918/fd': Permission denied
find: '/proc/918/task/918/fdinfo': Permission denied
find: '/proc/918/task/918/ns': Permission denied
find: '/proc/918/fd': Permission denied
find: '/proc/918/map_files': Permission denied
find: '/proc/918/fdinfo': Permission denied
find: '/proc/918/ns': Permission denied
find: '/proc/923/task/923/fd': Permission denied
find: '/proc/923/task/923/fdinfo': Permission denied
find: '/proc/923/task/923/ns': Permission denied
find: '/proc/923/fd': Permission denied
find: '/proc/923/map_files': Permission denied
find: '/proc/923/fdinfo': Permission denied
find: '/proc/923/ns': Permission denied
find: '/proc/953/task/953/fd': Permission denied
find: '/proc/953/task/953/fdinfo': Permission denied
find: '/proc/953/task/953/ns': Permission denied
find: '/proc/953/fd': Permission denied
find: '/proc/953/map_files': Permission denied
find: '/proc/953/fdinfo': Permission denied
find: '/proc/953/ns': Permission denied
find: '/proc/957/task/957/fd/6': No such file or directory
find: '/proc/957/task/957/fdinfo/6': No such file or directory
find: '/proc/957/fd/5': No such file or directory
find: '/proc/957/fdinfo/5': No such file or directory
find: '/run/docker': Permission denied
find: '/run/containerd': Permission denied
find: '/run/user/1000': Permission denied
find: '/run/sudo': Permission denied
find: '/run/systemd/ask-password-block': Permission denied
find: '/run/systemd/unit-root': Permission denied
find: '/run/systemd/inaccessible/dir': Permission denied
find: '/run/initramfs': Permission denied
find: '/home/skynet/.gnupg': Permission denied
find: '/lost+found': Permission denied
find: '/var/cache/apparmor/ea9ed67a.0': Permission denied
find: '/var/cache/apparmor/c08a2770.0': Permission denied
find: '/var/cache/ldconfig': Permission denied
find: '/var/cache/private': Permission denied
find: '/var/cache/apt/archives/partial': Permission denied
find: '/var/spool/cron/crontabs': Permission denied
find: '/var/spool/rsyslog': Permission denied
find: '/var/lib/docker': Permission denied
find: '/var/lib/containerd': Permission denied
find: '/var/lib/php/sessions': Permission denied
find: '/var/lib/private': Permission denied
find: '/var/lib/apt/lists/partial': Permission denied
find: '/var/tmp/systemd-private-c12d7877321a48f481f9631981f0f493-systemd-timesyncd.service-vrceGf': Permission denied
find: '/var/tmp/systemd-private-c12d7877321a48f481f9631981f0f493-systemd-logind.service-5jN2pi': Permission denied
find: '/var/log/private': Permission denied
find: '/sys/kernel/tracing': Permission denied
find: '/sys/kernel/debug': Permission denied
find: '/sys/fs/pstore': Permission denied
find: '/sys/fs/bpf': Permission denied
find: '/root': Permission denied
find: '/tmp/systemd-private-c12d7877321a48f481f9631981f0f493-systemd-logind.service-URTzrj': Permission denied
find: '/tmp/systemd-private-c12d7877321a48f481f9631981f0f493-systemd-timesyncd.service-zIFLvh': Permission denied
  % Total    % Received % Xferd  Average Speed   Time    Time     Time  Current
                                 Dload  Upload   Total   Spent    Left  Speed
  0     0    0     0    0     0      0      0 --:--:-- --:--:-- --:--:--     0100 16880  100 16880    0     0  16.0M      0 --:--:-- --:--:-- --:--:-- 16.0M
